lesson1/task1/build/intermediates/manifest_merge_blame_file/release/manifest-merger-blame-release-report.txt
1<?xml version="1.0" encoding="utf-8"?>
2<manifest xmlns:android="http://schemas.android.com/apk/res/android"
3    package="in.obvious.course.compose"
4    android:versionCode="1"
5    android:versionName="1.0" >
6
7    <uses-sdk
8        android:minSdkVersion="24"
8-->src/main/AndroidManifest.xml
9        android:targetSdkVersion="33" />
9-->src/main/AndroidManifest.xml
10
11    <permission
11-->[androidx.core:core:1.9.0] AndroidManifest.xml:22:5-24:47
12        android:name="in.obvious.course.compose.DYNAMIC_RECEIVER_NOT_EXPORTED_PERMISSION"
12-->[androidx.core:core:1.9.0] AndroidManifest.xml:23:9-81
13        android:protectionLevel="signature" />
13-->[androidx.core:core:1.9.0] AndroidManifest.xml:24:9-44
14
15    <uses-permission android:name="in.obvious.course.compose.DYNAMIC_RECEIVER_NOT_EXPORTED_PERMISSION" />
15-->[androidx.core:core:1.9.0] AndroidManifest.xml:26:5-97
15-->[androidx.core:core:1.9.0] AndroidManifest.xml:26:22-94
16
17    <application
17-->src/main/AndroidManifest.xml:5:5-20:19
18        android:allowBackup="true"
18-->src/main/AndroidManifest.xml:6:9-35
19        android:appComponentFactory="androidx.core.app.CoreComponentFactory"
19-->[androidx.core:core:1.9.0] AndroidManifest.xml:28:18-86
20        android:extractNativeLibs="false"
21        android:label="@string/app_name"
21-->src/main/AndroidManifest.xml:7:9-41
22        android:supportsRtl="true"
22-->src/main/AndroidManifest.xml:8:9-35
23        android:theme="@style/Theme.ComposePlayground" >
23-->src/main/AndroidManifest.xml:9:9-55
24        <activity
24-->src/main/AndroidManifest.xml:11:9-19:20
25            android:name="in.obvious.course.compose.library.MainActivity"
25-->src/main/AndroidManifest.xml:12:13-49
26            android:exported="true" >
26-->src/main/AndroidManifest.xml:13:13-36
27            <intent-filter>
27-->src/main/AndroidManifest.xml:14:13-18:29
28                <action android:name="android.intent.action.MAIN" />
28-->src/main/AndroidManifest.xml:15:17-69
28-->src/main/AndroidManifest.xml:15:25-66
29
30                <category android:name="android.intent.category.LAUNCHER" />
30-->src/main/AndroidManifest.xml:17:17-77
30-->src/main/AndroidManifest.xml:17:27-74
31            </intent-filter>
32        </activity>
33
34        <provider
34-->[androidx.profileinstaller:profileinstaller:1.2.0] AndroidManifest.xml:25:9-33:20
35            android:name="androidx.startup.InitializationProvider"
35-->[androidx.profileinstaller:profileinstaller:1.2.0] AndroidManifest.xml:26:13-67
36            android:authorities="in.obvious.course.compose.androidx-startup"
36-->[androidx.profileinstaller:profileinstaller:1.2.0] AndroidManifest.xml:27:13-68
37            android:exported="false" >
37-->[androidx.profileinstaller:profileinstaller:1.2.0] AndroidManifest.xml:28:13-37
38            <meta-data
38-->[androidx.profileinstaller:profileinstaller:1.2.0] AndroidManifest.xml:30:13-32:52
39                android:name="androidx.profileinstaller.ProfileInstallerInitializer"
39-->[androidx.profileinstaller:profileinstaller:1.2.0] AndroidManifest.xml:31:17-85
40                android:value="androidx.startup" />
40-->[androidx.profileinstaller:profileinstaller:1.2.0] AndroidManifest.xml:32:17-49
41        </provider>
42
43        <receiver
43-->[androidx.profileinstaller:profileinstaller:1.2.0] AndroidManifest.xml:35:9-47:20
44            android:name="androidx.profileinstaller.ProfileInstallReceiver"
44-->[androidx.profileinstaller:profileinstaller:1.2.0] AndroidManifest.xml:36:13-76
45            android:directBootAware="false"
45-->[androidx.profileinstaller:profileinstaller:1.2.0] AndroidManifest.xml:37:13-44
46            android:enabled="true"
46-->[androidx.profileinstaller:profileinstaller:1.2.0] AndroidManifest.xml:38:13-35
47            android:exported="true"
47-->[androidx.profileinstaller:profileinstaller:1.2.0] AndroidManifest.xml:39:13-36
48            android:permission="android.permission.DUMP" >
48-->[androidx.profileinstaller:profileinstaller:1.2.0] AndroidManifest.xml:40:13-57
49            <intent-filter>
49-->[androidx.profileinstaller:profileinstaller:1.2.0] AndroidManifest.xml:41:13-43:29
50                <action android:name="androidx.profileinstaller.action.INSTALL_PROFILE" />
50-->[androidx.profileinstaller:profileinstaller:1.2.0] AndroidManifest.xml:42:17-91
50-->[androidx.profileinstaller:profileinstaller:1.2.0] AndroidManifest.xml:42:25-88
51            </intent-filter>
52            <intent-filter>
52-->[androidx.profileinstaller:profileinstaller:1.2.0] AndroidManifest.xml:44:13-46:29
53                <action android:name="androidx.profileinstaller.action.SKIP_FILE" />
53-->[androidx.profileinstaller:profileinstaller:1.2.0] AndroidManifest.xml:45:17-85
53-->[androidx.profileinstaller:profileinstaller:1.2.0] AndroidManifest.xml:45:25-82
54            </intent-filter>
55        </receiver>
56    </application>
57
58</manifest>